{"level":"info","message":"[TradingServiceFactory][CREATE] ========== 開始創建交易服務 ==========","service":"trading-server","timestamp":"2025-05-05 01:28:16"}
{"level":"info","message":"[TradingServiceFactory][CREATE] 請求創建交易服務，參數:","service":"trading-server","timestamp":"2025-05-05 01:28:16"}
{"level":"info","message":"  - 交易所類型: binance","service":"trading-server","timestamp":"2025-05-05 01:28:16"}
{"level":"info","message":"  - API密鑰狀態: 已提供 (長度: 64)","service":"trading-server","timestamp":"2025-05-05 01:28:16"}
{"level":"info","message":"  - API密碼狀態: 已提供 (長度: 64)","service":"trading-server","timestamp":"2025-05-05 01:28:16"}
{"level":"info","message":"  - 測試網模式: true","service":"trading-server","timestamp":"2025-05-05 01:28:16"}
{"level":"info","message":"[TradingServiceFactory][CREATE] 根據交易所類型創建具體服務實例...","service":"trading-server","timestamp":"2025-05-05 01:28:16"}
{"level":"info","message":"[TradingServiceFactory][CREATE] 創建 binance 交易服務實例","service":"trading-server","timestamp":"2025-05-05 01:28:16"}
{"level":"info","message":"[TradingService][INIT] 初始化交易服務, 交易所: binance, 測試網: true","service":"trading-server","timestamp":"2025-05-05 01:28:16"}
{"level":"info","message":"[TradingService][AUTH] API密鑰狀態: 已提供, 密鑰狀態: 已提供","service":"trading-server","timestamp":"2025-05-05 01:28:16"}
{"level":"info","message":"[binance][INIT] 設置測試網模式 - 避免在生產環境意外下單","service":"trading-server","timestamp":"2025-05-05 01:28:16"}
{"level":"info","message":"[binance][API] 從 API 獲取市場數據 - 原因: 快取已過期或不存在，需要最新數據","service":"trading-server","timestamp":"2025-05-05 01:28:16"}
{"level":"info","message":"[TradingServiceFactory][CREATE] 交易服務創建成功: binance","service":"trading-server","timestamp":"2025-05-05 01:28:16"}
{"level":"info","message":"[TradingServiceFactory][CREATE] ========== 交易服務創建完成 ==========\n","service":"trading-server","timestamp":"2025-05-05 01:28:16"}
{"level":"info","message":"[TradingServiceFactory][CREATE] ========== 開始創建交易服務 ==========","service":"trading-server","timestamp":"2025-05-05 01:28:16"}
{"level":"info","message":"[TradingServiceFactory][CREATE] 請求創建交易服務，參數:","service":"trading-server","timestamp":"2025-05-05 01:28:16"}
{"level":"info","message":"  - 交易所類型: bitmex","service":"trading-server","timestamp":"2025-05-05 01:28:16"}
{"level":"info","message":"  - API密鑰狀態: 已提供 (長度: 24)","service":"trading-server","timestamp":"2025-05-05 01:28:16"}
{"level":"info","message":"  - API密碼狀態: 已提供 (長度: 48)","service":"trading-server","timestamp":"2025-05-05 01:28:16"}
{"level":"info","message":"  - 測試網模式: true","service":"trading-server","timestamp":"2025-05-05 01:28:16"}
{"level":"info","message":"[TradingServiceFactory][CREATE] 根據交易所類型創建具體服務實例...","service":"trading-server","timestamp":"2025-05-05 01:28:16"}
{"level":"info","message":"[TradingServiceFactory][CREATE] 創建 bitmex 交易服務實例","service":"trading-server","timestamp":"2025-05-05 01:28:16"}
{"level":"info","message":"[TradingService][INIT] 初始化交易服務, 交易所: bitmex, 測試網: true","service":"trading-server","timestamp":"2025-05-05 01:28:16"}
{"level":"info","message":"[TradingService][AUTH] API密鑰狀態: 已提供, 密鑰狀態: 已提供","service":"trading-server","timestamp":"2025-05-05 01:28:16"}
{"level":"info","message":"[bitmex][subclass][INIT] 設置 測試網模式 - 避免在生產環境意外下單","service":"trading-server","timestamp":"2025-05-05 01:28:16"}
{"level":"info","message":"[bitmex][API] 從 API 獲取市場數據 - 原因: 快取已過期或不存在，需要最新數據","service":"trading-server","timestamp":"2025-05-05 01:28:16"}
{"level":"info","message":"[bitmex][subclass][INIT] 服務初始化完成，交易所基礎 URL: {\"logo\":\"https://github.com/user-attachments/assets/c78425ab-78d5-49d6-bd14-db7734798f04\",\"api\":{\"public\":\"https://testnet.bitmex.com\",\"private\":\"https://testnet.bitmex.com\"},\"www\":\"https://www.bitmex.com\",\"doc\":[\"https://www.bitmex.com/app/apiOverview\",\"https://github.com/BitMEX/api-connectors/tree/master/official-http\"],\"fees\":\"https://www.bitmex.com/app/fees\",\"test\":{\"public\":\"https://testnet.bitmex.com\",\"private\":\"https://testnet.bitmex.com\"},\"referral\":{\"url\":\"https://www.bitmex.com/app/register/NZTR1q\",\"discount\":0.1},\"apiBackup\":{\"public\":\"https://www.bitmex.com\",\"private\":\"https://www.bitmex.com\"}} - 已建立交易所連接","service":"trading-server","timestamp":"2025-05-05 01:28:16"}
{"level":"info","message":"[TradingServiceFactory][CREATE] 交易服務創建成功: bitmex","service":"trading-server","timestamp":"2025-05-05 01:28:16"}
{"level":"info","message":"[TradingServiceFactory][CREATE] ========== 交易服務創建完成 ==========\n","service":"trading-server","timestamp":"2025-05-05 01:28:16"}
{"level":"info","message":"[系統啟動] 服務器已在端口 80 上啟動運行","service":"trading-server","timestamp":"2025-05-05 01:28:16"}
{"level":"info","message":"[binance][API] 成功獲取 483 個市場數據 - 已更新所有可交易對的最新信息","service":"trading-server","timestamp":"2025-05-05 01:28:16"}
{"level":"info","message":"[binance][INIT] 服務初始化完成，交易所基礎 URL: {\"logo\":\"https://github.com/user-attachments/assets/871cbea7-eebb-4b28-b260-c1c91df0487a\",\"api\":{\"dapiPublic\":\"https://testnet.binancefuture.com/dapi/v1\",\"dapiPrivate\":\"https://testnet.binancefuture.com/dapi/v1\",\"dapiPrivateV2\":\"https://testnet.binancefuture.com/dapi/v2\",\"fapiPublic\":\"https://testnet.binancefuture.com/fapi/v1\",\"fapiPublicV2\":\"https://testnet.binancefuture.com/fapi/v2\",\"fapiPublicV3\":\"https://testnet.binancefuture.com/fapi/v3\",\"fapiPrivate\":\"https://testnet.binancefuture.com/fapi/v1\",\"fapiPrivateV2\":\"https://testnet.binancefuture.com/fapi/v2\",\"fapiPrivateV3\":\"https://testnet.binancefuture.com/fapi/v3\",\"public\":\"https://testnet.binance.vision/api/v3\",\"private\":\"https://testnet.binance.vision/api/v3\",\"v1\":\"https://testnet.binance.vision/api/v1\"},\"www\":\"https://www.binance.com\",\"doc\":[\"https://binance-docs.github.io/apidocs/futures/en/\",\"https://binance-docs.github.io/apidocs/spot/en\",\"https://developers.binance.com/en\"],\"fees\":\"https://www.binance.com/en/fee/schedule\",\"test\":{\"dapiPublic\":\"https://testnet.binancefuture.com/dapi/v1\",\"dapiPrivate\":\"https://testnet.binancefuture.com/dapi/v1\",\"dapiPrivateV2\":\"https://testnet.binancefuture.com/dapi/v2\",\"fapiPublic\":\"https://testnet.binancefuture.com/fapi/v1\",\"fapiPublicV2\":\"https://testnet.binancefuture.com/fapi/v2\",\"fapiPublicV3\":\"https://testnet.binancefuture.com/fapi/v3\",\"fapiPrivate\":\"https://testnet.binancefuture.com/fapi/v1\",\"fapiPrivateV2\":\"https://testnet.binancefuture.com/fapi/v2\",\"fapiPrivateV3\":\"https://testnet.binancefuture.com/fapi/v3\",\"public\":\"https://testnet.binance.vision/api/v3\",\"private\":\"https://testnet.binance.vision/api/v3\",\"v1\":\"https://testnet.binance.vision/api/v1\"},\"referral\":{\"url\":\"https://accounts.binance.com/en/register?ref=D7YA7CLY\",\"discount\":0.1},\"api_management\":\"https://www.binance.com/en/usercenter/settings/api-management\",\"apiBackup\":{\"sapi\":\"https://api.binance.com/sapi/v1\",\"sapiV2\":\"https://api.binance.com/sapi/v2\",\"sapiV3\":\"https://api.binance.com/sapi/v3\",\"sapiV4\":\"https://api.binance.com/sapi/v4\",\"dapiPublic\":\"https://dapi.binance.com/dapi/v1\",\"dapiPrivate\":\"https://dapi.binance.com/dapi/v1\",\"eapiPublic\":\"https://eapi.binance.com/eapi/v1\",\"eapiPrivate\":\"https://eapi.binance.com/eapi/v1\",\"dapiPrivateV2\":\"https://dapi.binance.com/dapi/v2\",\"dapiData\":\"https://dapi.binance.com/futures/data\",\"fapiPublic\":\"https://fapi.binance.com/fapi/v1\",\"fapiPublicV2\":\"https://fapi.binance.com/fapi/v2\",\"fapiPublicV3\":\"https://fapi.binance.com/fapi/v3\",\"fapiPrivate\":\"https://fapi.binance.com/fapi/v1\",\"fapiPrivateV2\":\"https://fapi.binance.com/fapi/v2\",\"fapiPrivateV3\":\"https://fapi.binance.com/fapi/v3\",\"fapiData\":\"https://fapi.binance.com/futures/data\",\"public\":\"https://api.binance.com/api/v3\",\"private\":\"https://api.binance.com/api/v3\",\"v1\":\"https://api.binance.com/api/v1\",\"papi\":\"https://papi.binance.com/papi/v1\"}} - 已建立交易所連接","service":"trading-server","timestamp":"2025-05-05 01:28:16"}
{"level":"info","message":"[binance][INIT] 獲取聽鍵成功: {\"listenKey\":\"NYj1tuQIVqHjXEeSF4nZe01bkm5Pgu80Zko3GzVlSALdRrKjGZcTk8gbcASuffT8\"}","service":"trading-server","timestamp":"2025-05-05 01:28:16"}
{"level":"info","message":"[binance][SOCKET] 連線成功","service":"trading-server","timestamp":"2025-05-05 01:28:16"}
{"level":"info","message":"[bitmex][API] 成功獲取 197 個市場數據 - 已更新所有可交易對的最新信息","service":"trading-server","timestamp":"2025-05-05 01:28:16"}
